<?xml version="1.0" encoding="UTF-8"?>
<!-- Generated by org.testng.reporters.JUnitReportReporter -->
<testsuite hostname="DESKTOP-BLHP1I0" failures="0" tests="3" name="tests.LoginTests" time="30.495" errors="0" timestamp="2024-03-30T12:54:37 IST" skipped="0">
  <testcase classname="tests.LoginTests" name="Test1" time="9.034"/>
  <system-out>
    <![CDATA[Starting the Test Case execution
Chrome Driver Instance is created
Chrome Instance is maximized
Url is opened : https://www.saucedemo.com/
Entered the username as : standard_user
Entered the password as : secret_sauce
Clicked on Login Button
Verified Loading of Home Page successfully]]>
  </system-out>
  <testcase classname="tests.LoginTests" name="Test2" time="10.692"/>
  <system-out>
    <![CDATA[Starting the Test Case execution
Chrome Driver Instance is created
Chrome Instance is maximized
Url is opened : https://www.saucedemo.com/
Entered the username as : standard_user
Entered the password as : 12345
Clicked on Login Button
Verified Display of Wrong Username and Password]]>
  </system-out>
  <testcase classname="tests.LoginTests" name="Test3" time="10.769"/>
  <system-out>
    <![CDATA[Starting the Test Case execution
Chrome Driver Instance is created
Chrome Instance is maximized
Url is opened : https://www.saucedemo.com/
Entered the username as : locked_out_user
Entered the password as : secret_sauce
Clicked on Login Button
Verified Locked User]]>
  </system-out>
</testsuite> <!-- tests.LoginTests -->
