<?xml version="1.0" encoding="UTF-8"?>
<!-- Generated by org.testng.reporters.JUnitReportReporter -->
<testsuite hostname="DESKTOP-BLHP1I0" failures="0" tests="1" name="tests.HomePageTests" time="10.008" errors="0" timestamp="2024-03-10T19:14:53 IST" skipped="0">
  <testcase classname="tests.HomePageTests" name="Test2" time="10.008"/>
  <system-out>
    <![CDATA[Url is opened : https://www.saucedemo.com/
Entered the username as : standard_user
Entered the password as : secret_sauce
Clicked on Login Button
Verified Loading of Home Page successfully
Product is present named : Sauce Labs Backpack
Add to Cart button for BackPack is Present
Price of the product is > 0 and is valid]]>
  </system-out>
</testsuite> <!-- tests.HomePageTests -->
