<?xml version="1.0" encoding="UTF-8"?>
<!-- Generated by org.testng.reporters.JUnitReportReporter -->
<testsuite hostname="DESKTOP-BLHP1I0" failures="0" tests="1" name="tests.PDPTests" time="13.814" errors="0" timestamp="2024-03-10T19:31:41 IST" skipped="0">
  <testcase classname="tests.PDPTests" name="Test1" time="13.814"/>
  <system-out>
    <![CDATA[Url is opened : https://www.saucedemo.com/
Entered the username as : standard_user
Entered the password as : secret_sauce
Clicked on Login Button
Verified Loading of Home Page successfully
Clicked on product for opening Product description page : Sauce Labs Backpack
Verified Loading of Product Desciption Page successfully
Add to Cart button is Present
Price of the product is > 0 and is valid]]>
  </system-out>
</testsuite> <!-- tests.PDPTests -->
